The system is: Windows - 10.0.21390 - AMD64
Compiling the C compiler identification source file "CMakeCCompilerId.c" succeeded.
Compiler: D:/Program Files (x86)/Microsoft Visual Studio/2019/Community/VC/Tools/MSVC/14.29.30037/bin/Hostx86/x86/cl.exe 
Build flags: 
Id flags:  

The output was:
0
用于 x86 的 Microsoft (R) C/C++ 优化编译器 19.29.30038.1 版
版权所有(C) Microsoft Corporation。保留所有权利。

CMakeCCompilerId.c
Microsoft (R) Incremental Linker Version 14.29.30038.1
Copyright (C) Microsoft Corporation.  All rights reserved.

/out:CMakeCCompilerId.exe 
CMakeCCompilerId.obj 


Compilation of the C compiler identification source "CMakeCCompilerId.c" produced "CMakeCCompilerId.exe"

Compilation of the C compiler identification source "CMakeCCompilerId.c" produced "CMakeCCompilerId.obj"

The C compiler identification is MSVC, found in "E:/MyProgram/school/DataStructure/CourseDesign/TravelQuery/cmake-build-debug/CMakeFiles/3.19.2/CompilerIdC/CMakeCCompilerId.exe"

Detecting C compiler ABI info compiled with the following output:
Change Dir: E:/MyProgram/school/DataStructure/CourseDesign/TravelQuery/cmake-build-debug/CMakeFiles/CMakeTmp

Run Build Command(s):nmake /nologo cmTC_84bed\fast && 	"d:\Program Files (x86)\Microsoft Visual Studio\2019\Community\VC\Tools\MSVC\14.29.30037\bin\HostX86\x86\nmake.exe"  -f CMakeFiles\cmTC_84bed.dir\build.make /nologo -L                  CMakeFiles\cmTC_84bed.dir\build
Building C object CMakeFiles/cmTC_84bed.dir/CMakeCCompilerABI.c.obj
	D:\PROGRA~2\MICROS~1\2019\COMMUN~1\VC\Tools\MSVC\1429~1.300\bin\Hostx86\x86\cl.exe @C:\Users\someo\AppData\Local\Temp\nmAF3B.tmp
CMakeCCompilerABI.c
Linking C executable cmTC_84bed.exe
	"D:\Program Files\JetBrains\CLion 2021.1.2\bin\cmake\win\bin\cmake.exe" -E vs_link_exe --intdir=CMakeFiles\cmTC_84bed.dir --rc=D:\WINDOW~1\10\bin\100190~1.0\x86\rc.exe --mt=D:\WINDOW~1\10\bin\100190~1.0\x86\mt.exe --manifests -- D:\PROGRA~2\MICROS~1\2019\COMMUN~1\VC\Tools\MSVC\1429~1.300\bin\Hostx86\x86\link.exe /nologo @CMakeFiles\cmTC_84bed.dir\objects1.rsp @C:\Users\someo\AppData\Local\Temp\nmAF9A.tmp



